<?xml version="1.0" encoding="UTF-8"?>
<testng-results skipped="0" failed="0" ignored="0" total="1" passed="1">
  <reporter-output>
  </reporter-output>
  <suite name="Command line suite" duration-ms="62" started-at="2020-04-07T18:07:59 EDT" finished-at="2020-04-07T18:07:59 EDT">
    <groups>
    </groups>
    <test name="Command line test" duration-ms="62" started-at="2020-04-07T18:07:59 EDT" finished-at="2020-04-07T18:07:59 EDT">
      <class name="mavenproject.AppTest">
        <test-method status="PASS" signature="testApp()" name="testApp" duration-ms="19" started-at="2020-04-07T18:07:59 EDT" finished-at="2020-04-07T18:07:59 EDT">
          <reporter-output>
          </reporter-output>
        </test-method> <!-- testApp -->
      </class> <!-- mavenproject.AppTest -->
    </test> <!-- Command line test -->
  </suite> <!-- Command line suite -->
</testng-results>
