<?xml version="1.0" encoding="UTF-8"?>
<testng-results skipped="0" failed="0" ignored="0" total="6" passed="6">
  <reporter-output>
  </reporter-output>
  <suite name="Command line suite" duration-ms="86" started-at="2020-04-07T18:07:59 EDT" finished-at="2020-04-07T18:07:59 EDT">
    <groups>
    </groups>
    <test name="Command line test" duration-ms="86" started-at="2020-04-07T18:07:59 EDT" finished-at="2020-04-07T18:07:59 EDT">
      <class name="mavenproject.AppiumTest">
        <test-method status="PASS" signature="PoastJira()[pri:0, instance:mavenproject.AppiumTest@1f28c152]" name="PoastJira" duration-ms="9" started-at="2020-04-07T18:07:59 EDT" finished-at="2020-04-07T18:07:59 EDT">
          <reporter-output>
          </reporter-output>
        </test-method> <!-- PoastJira -->
        <test-method status="PASS" signature="RestapiTest()[pri:0, instance:mavenproject.AppiumTest@1f28c152]" name="RestapiTest" duration-ms="0" started-at="2020-04-07T18:07:59 EDT" finished-at="2020-04-07T18:07:59 EDT">
          <reporter-output>
          </reporter-output>
        </test-method> <!-- RestapiTest -->
      </class> <!-- mavenproject.AppiumTest -->
      <class name="mavenproject.seleniumTest">
        <test-method status="PASS" signature="SeleniumAutomaton()[pri:0, instance:mavenproject.seleniumTest@7791a895]" name="SeleniumAutomaton" duration-ms="0" started-at="2020-04-07T18:07:59 EDT" finished-at="2020-04-07T18:07:59 EDT">
          <reporter-output>
          </reporter-output>
        </test-method> <!-- SeleniumAutomaton -->
        <test-method status="PASS" signature="SeleniumUi()[pri:0, instance:mavenproject.seleniumTest@7791a895]" name="SeleniumUi" duration-ms="1" started-at="2020-04-07T18:07:59 EDT" finished-at="2020-04-07T18:07:59 EDT">
          <reporter-output>
          </reporter-output>
        </test-method> <!-- SeleniumUi -->
      </class> <!-- mavenproject.seleniumTest -->
      <class name="mavenproject.RESTAPITest">
        <test-method status="PASS" signature="PoastJira()[pri:0, instance:mavenproject.RESTAPITest@7d907bac]" name="PoastJira" duration-ms="0" started-at="2020-04-07T18:07:59 EDT" finished-at="2020-04-07T18:07:59 EDT">
          <reporter-output>
          </reporter-output>
        </test-method> <!-- PoastJira -->
        <test-method status="PASS" signature="RestapiTest()[pri:0, instance:mavenproject.RESTAPITest@7d907bac]" name="RestapiTest" duration-ms="0" started-at="2020-04-07T18:07:59 EDT" finished-at="2020-04-07T18:07:59 EDT">
          <reporter-output>
          </reporter-output>
        </test-method> <!-- RestapiTest -->
      </class> <!-- mavenproject.RESTAPITest -->
    </test> <!-- Command line test -->
  </suite> <!-- Command line suite -->
</testng-results>
