<?xml version="1.0" encoding="UTF-8"?>
<!-- Generated by org.testng.reporters.JUnitXMLReporter -->
<testsuite hostname="LINUX" ignored="0" name="Test" tests="6" failures="0" timestamp="2020-04-07T20:28:20 EDT" time="0.097" errors="0">
  <testcase name="SeleniumAutomaton" time="0.011" classname="mavenproject.seleniumTest"/>
  <testcase name="SeleniumUi" time="0.001" classname="mavenproject.seleniumTest"/>
  <testcase name="PoastJira" time="0.001" classname="mavenproject.RESTAPITest"/>
  <testcase name="RestapiTest" time="0.001" classname="mavenproject.RESTAPITest"/>
  <testcase name="PoastJira" time="0.001" classname="mavenproject.AppiumTest"/>
  <testcase name="RestapiTest" time="0.001" classname="mavenproject.AppiumTest"/>
</testsuite> <!-- Test -->
