<?xml version="1.0" encoding="UTF-8"?>
<!-- Generated by org.testng.reporters.JUnitXMLReporter -->
<testsuite hostname="LINUX" ignored="0" name="Command line test" tests="6" failures="0" timestamp="2020-04-07T18:07:59 EDT" time="0.086" errors="0">
  <testcase name="PoastJira" time="0.009" classname="mavenproject.AppiumTest"/>
  <testcase name="RestapiTest" time="0.0" classname="mavenproject.AppiumTest"/>
  <testcase name="PoastJira" time="0.0" classname="mavenproject.RESTAPITest"/>
  <testcase name="RestapiTest" time="0.0" classname="mavenproject.RESTAPITest"/>
  <testcase name="SeleniumAutomaton" time="0.0" classname="mavenproject.seleniumTest"/>
  <testcase name="SeleniumUi" time="0.001" classname="mavenproject.seleniumTest"/>
</testsuite> <!-- Command line test -->
