<?xml version="1.0" encoding="UTF-8"?>
<testsuite xmlns:xsi="http://www.w3.org/2001/XMLSchema-instance" xsi:noNamespaceSchemaLocation="https://maven.apache.org/surefire/maven-surefire-plugin/xsd/surefire-test-report-3.0.xsd" version="3.0" name="TestSuite" time="1.147" tests="6" errors="0" skipped="0" failures="0">
  <properties>
[...]
</properties>
  <testcase name="SeleniumAutomaton" classname="mavenproject.seleniumTest" time="0.015"/>
  <testcase name="SeleniumUi" classname="mavenproject.seleniumTest" time="0.002"/>
  <testcase name="PoastJira" classname="mavenproject.RESTAPITest" time="0.007"/>
  <testcase name="RestapiTest" classname="mavenproject.RESTAPITest" time="0.001"/>
  <testcase name="PoastJira" classname="mavenproject.AppiumTest" time="0.001"/>
  <testcase name="RestapiTest" classname="mavenproject.AppiumTest" time="0.001"/>
</testsuite>